TN:
SF:/Users/TOBI/Documents/WorkFilesAndela/More-Recipe/server/tests/ApiTests.js
FN:19,(anonymous_0)
FN:20,(anonymous_1)
FN:92,(anonymous_2)
FN:100,(anonymous_3)
FN:106,(anonymous_4)
FN:112,(anonymous_5)
FN:118,(anonymous_6)
FN:124,(anonymous_7)
FN:130,(anonymous_8)
FN:136,(anonymous_9)
FN:142,(anonymous_10)
FN:156,(anonymous_11)
FN:162,(anonymous_12)
FN:176,(anonymous_13)
FN:182,(anonymous_14)
FN:196,(anonymous_15)
FN:202,(anonymous_16)
FN:216,(anonymous_17)
FN:222,(anonymous_18)
FN:238,(anonymous_19)
FN:244,(anonymous_20)
FN:258,(anonymous_21)
FN:264,(anonymous_22)
FN:284,(anonymous_23)
FN:290,(anonymous_24)
FNF:25
FNH:17
FNDA:1,(anonymous_0)
FNDA:1,(anonymous_1)
FNDA:1,(anonymous_2)
FNDA:1,(anonymous_3)
FNDA:1,(anonymous_4)
FNDA:1,(anonymous_5)
FNDA:1,(anonymous_6)
FNDA:1,(anonymous_7)
FNDA:1,(anonymous_8)
FNDA:1,(anonymous_9)
FNDA:0,(anonymous_10)
FNDA:1,(anonymous_11)
FNDA:0,(anonymous_12)
FNDA:1,(anonymous_13)
FNDA:0,(anonymous_14)
FNDA:1,(anonymous_15)
FNDA:0,(anonymous_16)
FNDA:1,(anonymous_17)
FNDA:0,(anonymous_18)
FNDA:1,(anonymous_19)
FNDA:0,(anonymous_20)
FNDA:1,(anonymous_21)
FNDA:0,(anonymous_22)
FNDA:1,(anonymous_23)
FNDA:0,(anonymous_24)
DA:5,1
DA:10,1
DA:14,1
DA:15,1
DA:19,1
DA:20,1
DA:22,1
DA:25,1
DA:26,1
DA:34,1
DA:39,1
DA:46,1
DA:53,1
DA:60,1
DA:68,1
DA:75,1
DA:83,1
DA:92,1
DA:93,1
DA:100,1
DA:102,1
DA:108,1
DA:110,0
DA:113,1
DA:118,1
DA:120,1
DA:126,1
DA:128,0
DA:131,1
DA:136,1
DA:137,1
DA:144,0
DA:146,0
DA:148,0
DA:150,0
DA:151,0
DA:156,1
DA:157,1
DA:164,0
DA:166,0
DA:168,0
DA:170,0
DA:171,0
DA:176,1
DA:177,1
DA:184,0
DA:186,0
DA:188,0
DA:190,0
DA:191,0
DA:196,1
DA:197,1
DA:204,0
DA:206,0
DA:208,0
DA:210,0
DA:211,0
DA:216,1
DA:217,1
DA:224,0
DA:226,0
DA:228,0
DA:230,0
DA:231,0
DA:238,1
DA:239,1
DA:246,0
DA:248,0
DA:250,0
DA:252,0
DA:253,0
DA:258,1
DA:259,1
DA:266,0
DA:268,0
DA:270,0
DA:272,0
DA:273,0
DA:284,1
DA:286,1
DA:291,0
DA:293,0
DA:294,0
DA:297,0
DA:299,0
DA:301,0
DA:302,0
DA:303,0
LF:88
LH:43
BRDA:291,0,0,0
BRDA:291,0,1,0
BRDA:291,1,0,0
BRDA:291,1,1,0
BRF:4
BRH:0
end_of_record
