TN:
SF:/Users/TOBI/Documents/WorkFilesAndela/More-Recipe/mocha.env.js
FNF:0
FNH:0
DA:1,2
LF:1
LH:1
BRF:0
BRH:0
end_of_record
TN:
SF:/Users/TOBI/Documents/WorkFilesAndela/More-Recipe/server/tests/ApiTests.js
FN:14,(anonymous_0)
FN:15,(anonymous_1)
FN:87,(anonymous_2)
FN:95,(anonymous_3)
FN:101,(anonymous_4)
FN:111,(anonymous_5)
FN:117,(anonymous_6)
FN:127,(anonymous_7)
FN:133,(anonymous_8)
FN:147,(anonymous_9)
FN:153,(anonymous_10)
FN:167,(anonymous_11)
FN:173,(anonymous_12)
FN:187,(anonymous_13)
FN:193,(anonymous_14)
FN:207,(anonymous_15)
FN:213,(anonymous_16)
FN:229,(anonymous_17)
FN:235,(anonymous_18)
FN:249,(anonymous_19)
FN:255,(anonymous_20)
FN:275,(anonymous_21)
FN:281,(anonymous_22)
FNF:23
FNH:23
FNDA:1,(anonymous_0)
FNDA:1,(anonymous_1)
FNDA:1,(anonymous_2)
FNDA:1,(anonymous_3)
FNDA:1,(anonymous_4)
FNDA:1,(anonymous_5)
FNDA:1,(anonymous_6)
FNDA:1,(anonymous_7)
FNDA:1,(anonymous_8)
FNDA:1,(anonymous_9)
FNDA:1,(anonymous_10)
FNDA:1,(anonymous_11)
FNDA:1,(anonymous_12)
FNDA:1,(anonymous_13)
FNDA:1,(anonymous_14)
FNDA:1,(anonymous_15)
FNDA:1,(anonymous_16)
FNDA:1,(anonymous_17)
FNDA:1,(anonymous_18)
FNDA:1,(anonymous_19)
FNDA:1,(anonymous_20)
FNDA:1,(anonymous_21)
FNDA:1,(anonymous_22)
DA:5,1
DA:9,1
DA:10,1
DA:14,1
DA:15,1
DA:17,1
DA:20,1
DA:21,1
DA:29,1
DA:34,1
DA:41,1
DA:48,1
DA:55,1
DA:63,1
DA:70,1
DA:78,1
DA:87,1
DA:88,1
DA:95,1
DA:97,1
DA:103,1
DA:105,1
DA:106,1
DA:111,1
DA:113,1
DA:119,1
DA:121,1
DA:122,1
DA:127,1
DA:128,1
DA:135,1
DA:137,1
DA:139,1
DA:141,1
DA:142,1
DA:147,1
DA:148,1
DA:155,1
DA:157,1
DA:159,1
DA:161,1
DA:162,1
DA:167,1
DA:168,1
DA:175,1
DA:177,1
DA:179,1
DA:181,1
DA:182,1
DA:187,1
DA:188,1
DA:195,1
DA:197,1
DA:199,1
DA:201,1
DA:202,1
DA:207,1
DA:208,1
DA:215,1
DA:217,1
DA:219,1
DA:221,1
DA:222,1
DA:229,1
DA:230,1
DA:237,1
DA:239,1
DA:241,1
DA:243,1
DA:244,1
DA:249,1
DA:250,1
DA:257,1
DA:259,1
DA:261,1
DA:263,1
DA:264,1
DA:275,1
DA:277,1
DA:282,1
DA:284,0
DA:285,0
DA:288,1
DA:290,1
DA:292,1
DA:293,1
DA:294,1
LF:87
LH:85
BRDA:282,0,0,0
BRDA:282,0,1,1
BRDA:282,1,0,1
BRDA:282,1,1,0
BRF:4
BRH:2
end_of_record
